<?xml version="1.0" encoding="UTF-8"?>
<testsuite xmlns:xsi="http://www.w3.org/2001/XMLSchema-instance" xsi:noNamespaceSchemaLocation="https://maven.apache.org/surefire/maven-surefire-plugin/xsd/surefire-test-report-3.0.xsd" version="3.0" name="TestSuite" time="5.137" tests="1" errors="0" skipped="0" failures="0">
  <properties>
[...]
</properties>
  <testcase name="runScenario[&quot;As a user, login should pass with valid credentials&quot;, &quot;Login Function Test&quot;](1)" classname="com.testrun.Runner" time="4.294">
    <system-err><![CDATA[Oct 20, 2024 3:41:12 PM cucumber.runtime.java.ObjectFactoryLoader loadSingleObjectFactory
INFO: Loading ObjectFactory via service loader: io.cucumber.picocontainer.PicoFactory
]]></system-err>
  </testcase>
</testsuite>