<?xml version="1.0" encoding="UTF-8"?>
<testng-results ignored="0" total="1" passed="1" failed="0" skipped="0">
  <reporter-output>
  </reporter-output>
  <suite started-at="2024-10-20T15:41:11 EDT" name="Suite" finished-at="2024-10-20T15:41:16 EDT" duration-ms="4574">
    <groups>
      <group name="cucumber">
        <method signature="AbstractTestNGCucumberTests.runScenario(io.cucumber.testng.PickleEventWrapper,io.cucumber.testng.CucumberFeatureWrapper)[pri:0, instance:com.testrun.Runner@654f0d9c]" name="runScenario" class="io.cucumber.testng.AbstractTestNGCucumberTests"/>
      </group> <!-- cucumber -->
    </groups>
    <test started-at="2024-10-20T15:41:11 EDT" name="Test" finished-at="2024-10-20T15:41:16 EDT" duration-ms="4574">
      <class name="com.testrun.Runner">
        <test-method is-config="true" signature="setUpClass()[pri:0, instance:com.testrun.Runner@654f0d9c]" started-at="2024-10-20T15:41:11 EDT" name="setUpClass" finished-at="2024-10-20T15:41:12 EDT" duration-ms="124" status="PASS">
          <reporter-output>
          </reporter-output>
        </test-method> <!-- setUpClass -->
        <test-method signature="runScenario(io.cucumber.testng.PickleEventWrapper,io.cucumber.testng.CucumberFeatureWrapper)[pri:0, instance:com.testrun.Runner@654f0d9c]" started-at="2024-10-20T15:41:12 EDT" name="runScenario" description="Runs Cucumber Scenarios" data-provider="scenarios" finished-at="2024-10-20T15:41:16 EDT" duration-ms="4293" status="PASS">
          <params>
            <param index="0">
              <value>
                <![CDATA["As a user, login should pass with valid credentials"]]>
              </value>
            </param>
            <param index="1">
              <value>
                <![CDATA["Login Function Test"]]>
              </value>
            </param>
          </params>
          <reporter-output>
          </reporter-output>
        </test-method> <!-- runScenario -->
        <test-method is-config="true" signature="tearDownClass()[pri:0, instance:com.testrun.Runner@654f0d9c]" started-at="2024-10-20T15:41:16 EDT" name="tearDownClass" finished-at="2024-10-20T15:41:16 EDT" duration-ms="43" status="PASS">
          <reporter-output>
          </reporter-output>
        </test-method> <!-- tearDownClass -->
      </class> <!-- com.testrun.Runner -->
    </test> <!-- Test -->
  </suite> <!-- Suite -->
</testng-results>
